Beauty/ATKAndroid/business/build/intermediates/manifest_merge_blame_file/debug/manifest-merger-blame-debug-report.txt
1<?xml version="1.0" encoding="utf-8"?>
2<manifest xmlns:android="http://schemas.android.com/apk/res/android"
3    package="cn.com.antika.business"
4    android:versionCode="6"
5    android:versionName="4.6.020" >
6
7    <uses-sdk
8        android:minSdkVersion="14"
8-->ATKAndroid\business\AndroidManifest.xml
9        android:targetSdkVersion="17" />
9-->ATKAndroid\business\AndroidManifest.xml
10
11    <supports-screens
11-->ATKAndroid\business\AndroidManifest.xml:7:5-12:39
12        android:anyDensity="true"
12-->ATKAndroid\business\AndroidManifest.xml:8:9-34
13        android:largeScreens="true"
13-->ATKAndroid\business\AndroidManifest.xml:9:9-36
14        android:normalScreens="true"
14-->ATKAndroid\business\AndroidManifest.xml:10:9-37
15        android:resizeable="true"
15-->ATKAndroid\business\AndroidManifest.xml:11:9-34
16        android:smallScreens="true" />
16-->ATKAndroid\business\AndroidManifest.xml:12:9-36
17    <!-- JPUSH -->
18    <permission
18-->ATKAndroid\business\AndroidManifest.xml:14:5-16:47
19        android:name="cn.com.antika.business.permission.JPUSH_MESSAGE"
19-->ATKAndroid\business\AndroidManifest.xml:15:9-71
20        android:protectionLevel="signature" />
20-->ATKAndroid\business\AndroidManifest.xml:16:9-44
21
22    <uses-permission android:name="android.permission.KILL_BACKGROUND_PROCESSES" />
22-->ATKAndroid\business\AndroidManifest.xml:17:2-80
22-->ATKAndroid\business\AndroidManifest.xml:17:19-78
23    <uses-permission android:name="cn.com.antika.business.permission.JPUSH_MESSAGE" />
23-->ATKAndroid\business\AndroidManifest.xml:18:5-87
23-->ATKAndroid\business\AndroidManifest.xml:18:22-84
24    <uses-permission android:name="android.permission.RECEIVE_USER_PRESENT" />
24-->ATKAndroid\business\AndroidManifest.xml:19:5-79
24-->ATKAndroid\business\AndroidManifest.xml:19:22-76
25    <uses-permission android:name="android.permission.INTERNET" />
25-->ATKAndroid\business\AndroidManifest.xml:20:5-67
25-->ATKAndroid\business\AndroidManifest.xml:20:22-64
26    <uses-permission android:name="android.permission.WAKE_LOCK" />
26-->ATKAndroid\business\AndroidManifest.xml:21:5-68
26-->ATKAndroid\business\AndroidManifest.xml:21:22-65
27    <uses-permission android:name="android.permission.READ_PHONE_STATE" />
27-->ATKAndroid\business\AndroidManifest.xml:22:5-75
27-->ATKAndroid\business\AndroidManifest.xml:22:22-72
28    <uses-permission android:name="android.permission.REQUEST_INSTALL_PACKAGES" />
28-->ATKAndroid\business\AndroidManifest.xml:23:5-83
28-->ATKAndroid\business\AndroidManifest.xml:23:22-80
29    <uses-permission android:name="android.permission.WRITE_EXTERNAL_STORAGE" />
29-->ATKAndroid\business\AndroidManifest.xml:24:5-81
29-->ATKAndroid\business\AndroidManifest.xml:24:22-78
30    <uses-permission android:name="android.permission.READ_EXTERNAL_STORAGE" />
30-->ATKAndroid\business\AndroidManifest.xml:25:5-80
30-->ATKAndroid\business\AndroidManifest.xml:25:22-77
31    <uses-permission android:name="android.permission.VIBRATE" />
31-->ATKAndroid\business\AndroidManifest.xml:26:5-66
31-->ATKAndroid\business\AndroidManifest.xml:26:22-63
32    <uses-permission android:name="android.permission.MOUNT_UNMOUNT_FILESYSTEMS" />
32-->ATKAndroid\business\AndroidManifest.xml:27:5-28:47
32-->ATKAndroid\business\AndroidManifest.xml:27:22-81
33    <uses-permission android:name="android.permission.ACCESS_NETWORK_STATE" />
33-->ATKAndroid\business\AndroidManifest.xml:29:5-79
33-->ATKAndroid\business\AndroidManifest.xml:29:22-76
34    <uses-permission android:name="android.permission.SYSTEM_ALERT_WINDOW" />
34-->ATKAndroid\business\AndroidManifest.xml:30:5-78
34-->ATKAndroid\business\AndroidManifest.xml:30:22-75
35    <uses-permission android:name="android.permission.WRITE_SETTINGS" />
35-->ATKAndroid\business\AndroidManifest.xml:31:5-32:47
35-->ATKAndroid\business\AndroidManifest.xml:31:22-70
36    <uses-permission android:name="android.permission.ACCESS_COARSE_LOCATION" />
36-->ATKAndroid\business\AndroidManifest.xml:33:5-81
36-->ATKAndroid\business\AndroidManifest.xml:33:22-78
37    <uses-permission android:name="android.permission.ACCESS_WIFI_STATE" />
37-->ATKAndroid\business\AndroidManifest.xml:34:5-76
37-->ATKAndroid\business\AndroidManifest.xml:34:22-73
38    <uses-permission android:name="android.permission.READ_LOGS" />
38-->ATKAndroid\business\AndroidManifest.xml:35:5-36:47
38-->ATKAndroid\business\AndroidManifest.xml:35:22-65
39    <uses-permission android:name="android.permission.CHANGE_WIFI_STATE" />
39-->ATKAndroid\business\AndroidManifest.xml:37:5-76
39-->ATKAndroid\business\AndroidManifest.xml:37:22-73
40    <uses-permission android:name="android.permission.ACCESS_FINE_LOCATION" />
40-->ATKAndroid\business\AndroidManifest.xml:38:5-79
40-->ATKAndroid\business\AndroidManifest.xml:38:22-76
41    <uses-permission android:name="android.permission.ACCESS_LOCATION_EXTRA_COMMANDS" />
41-->ATKAndroid\business\AndroidManifest.xml:39:5-89
41-->ATKAndroid\business\AndroidManifest.xml:39:22-86
42    <uses-permission android:name="android.permission.CHANGE_NETWORK_STATE" />
42-->ATKAndroid\business\AndroidManifest.xml:40:5-79
42-->ATKAndroid\business\AndroidManifest.xml:40:22-76
43    <uses-permission android:name="android.permission.CAMERA" />
43-->ATKAndroid\business\AndroidManifest.xml:41:5-65
43-->ATKAndroid\business\AndroidManifest.xml:41:22-62
44    <uses-permission android:name="android.permission.FLASHLIGHT" />
44-->ATKAndroid\business\AndroidManifest.xml:42:5-69
44-->ATKAndroid\business\AndroidManifest.xml:42:22-66
45    <uses-permission android:name="android.permission.GET_TASKS" />
45-->ATKAndroid\business\AndroidManifest.xml:43:5-68
45-->ATKAndroid\business\AndroidManifest.xml:43:22-65
46
47    <uses-feature android:name="android.hardware.camera" />
47-->ATKAndroid\business\AndroidManifest.xml:44:5-60
47-->ATKAndroid\business\AndroidManifest.xml:44:19-57
48    <uses-feature android:name="android.hardware.camera.autofocus" />
48-->ATKAndroid\business\AndroidManifest.xml:45:5-70
48-->ATKAndroid\business\AndroidManifest.xml:45:19-67
49
50    <application
50-->ATKAndroid\business\AndroidManifest.xml:46:5-952:19
51        android:name="cn.com.antika.application.UserInfoApplication"
51-->ATKAndroid\business\AndroidManifest.xml:47:9-69
52        android:allowBackup="true"
52-->ATKAndroid\business\AndroidManifest.xml:48:9-35
53        android:debuggable="true"
54        android:hardwareAccelerated="true"
54-->ATKAndroid\business\AndroidManifest.xml:49:9-43
55        android:icon="@drawable/ic_launcher"
55-->ATKAndroid\business\AndroidManifest.xml:50:9-45
56        android:label="@string/app_name"
56-->ATKAndroid\business\AndroidManifest.xml:51:9-41
57        android:testOnly="true"
58        android:theme="@style/AppTheme"
58-->ATKAndroid\business\AndroidManifest.xml:52:9-40
59        android:windowSoftInputMode="stateHidden" >
59-->ATKAndroid\business\AndroidManifest.xml:53:9-50
60        <provider
60-->ATKAndroid\business\AndroidManifest.xml:54:7-62:18
61            android:name="android.support.v4.content.FileProvider"
61-->ATKAndroid\business\AndroidManifest.xml:55:11-65
62            android:authorities="cn.com.antika.business.fileprovider"
62-->ATKAndroid\business\AndroidManifest.xml:56:11-68
63            android:exported="false"
63-->ATKAndroid\business\AndroidManifest.xml:57:11-35
64            android:grantUriPermissions="true" >
64-->ATKAndroid\business\AndroidManifest.xml:58:11-45
65            <meta-data
65-->ATKAndroid\business\AndroidManifest.xml:59:8-61:49
66                android:name="android.support.FILE_PROVIDER_PATHS"
66-->ATKAndroid\business\AndroidManifest.xml:60:12-62
67                android:resource="@xml/file_paths" />
67-->ATKAndroid\business\AndroidManifest.xml:61:12-46
68        </provider>
69
70        <meta-data
70-->ATKAndroid\business\AndroidManifest.xml:63:8-65:59
71            android:name="com.baidu.lbsapi.API_KEY"
71-->ATKAndroid\business\AndroidManifest.xml:64:9-48
72            android:value="mbgIgTkGXgXSgkqKnavuWNIlcG58evh6" />
72-->ATKAndroid\business\AndroidManifest.xml:65:9-57
73
74        <activity
74-->ATKAndroid\business\AndroidManifest.xml:66:9-76:20
75            android:name="cn.com.antika.business.SplashActivity"
75-->ATKAndroid\business\AndroidManifest.xml:67:13-65
76            android:alwaysRetainTaskState="true"
76-->ATKAndroid\business\AndroidManifest.xml:68:13-49
77            android:label="@string/app_name"
77-->ATKAndroid\business\AndroidManifest.xml:69:13-45
78            android:screenOrientation="portrait"
78-->ATKAndroid\business\AndroidManifest.xml:70:13-49
79            android:theme="@android:style/Theme.Holo.Light" >
79-->ATKAndroid\business\AndroidManifest.xml:71:13-60
80            <intent-filter>
80-->ATKAndroid\business\AndroidManifest.xml:72:13-75:29
81                <action android:name="android.intent.action.MAIN" />
81-->ATKAndroid\business\AndroidManifest.xml:73:17-69
81-->ATKAndroid\business\AndroidManifest.xml:73:25-66
82
83                <category android:name="android.intent.category.LAUNCHER" />
83-->ATKAndroid\business\AndroidManifest.xml:74:17-77
83-->ATKAndroid\business\AndroidManifest.xml:74:27-74
84            </intent-filter>
85        </activity>
86        <activity android:name="org.achartengine.GraphicalActivity" />
86-->ATKAndroid\business\AndroidManifest.xml:77:9-71
86-->ATKAndroid\business\AndroidManifest.xml:77:19-68
87        <activity
87-->ATKAndroid\business\AndroidManifest.xml:78:9-82:20
88            android:name="cn.com.antika.business.LoginActivity"
88-->ATKAndroid\business\AndroidManifest.xml:79:13-64
89            android:launchMode="singleTop"
89-->ATKAndroid\business\AndroidManifest.xml:80:13-43
90            android:screenOrientation="portrait" >
90-->ATKAndroid\business\AndroidManifest.xml:81:13-49
91        </activity>
92        <activity
92-->ATKAndroid\business\AndroidManifest.xml:83:9-87:20
93            android:name="cn.com.antika.business.HomePageActivity"
93-->ATKAndroid\business\AndroidManifest.xml:84:13-67
94            android:launchMode="singleTop"
94-->ATKAndroid\business\AndroidManifest.xml:85:13-43
95            android:screenOrientation="portrait" >
95-->ATKAndroid\business\AndroidManifest.xml:86:13-49
96        </activity>
97        <activity
97-->ATKAndroid\business\AndroidManifest.xml:88:10-92:20
98            android:name="cn.com.antika.business.CompanySelectActivity"
98-->ATKAndroid\business\AndroidManifest.xml:89:13-72
99            android:launchMode="singleTop"
99-->ATKAndroid\business\AndroidManifest.xml:90:13-43
100            android:screenOrientation="portrait" >
100-->ATKAndroid\business\AndroidManifest.xml:91:13-49
101        </activity>
102        <activity
102-->ATKAndroid\business\AndroidManifest.xml:93:9-98:20
103            android:name="cn.com.antika.business.CustomerActivity"
103-->ATKAndroid\business\AndroidManifest.xml:94:13-67
104            android:launchMode="singleTop"
104-->ATKAndroid\business\AndroidManifest.xml:95:13-43
105            android:screenOrientation="portrait"
105-->ATKAndroid\business\AndroidManifest.xml:96:13-49
106            android:windowSoftInputMode="adjustPan|stateHidden" >
106-->ATKAndroid\business\AndroidManifest.xml:97:13-64
107        </activity>
108        <activity
108-->ATKAndroid\business\AndroidManifest.xml:99:9-103:20
109            android:name="cn.com.antika.business.RemindListActivity"
109-->ATKAndroid\business\AndroidManifest.xml:100:13-69
110            android:launchMode="singleTop"
110-->ATKAndroid\business\AndroidManifest.xml:101:13-43
111            android:screenOrientation="portrait" >
111-->ATKAndroid\business\AndroidManifest.xml:102:13-49
112        </activity>
113        <activity
113-->ATKAndroid\business\AndroidManifest.xml:104:9-108:20
114            android:name="cn.com.antika.business.AddNewCustomerActivity"
114-->ATKAndroid\business\AndroidManifest.xml:105:13-73
115            android:launchMode="singleTop"
115-->ATKAndroid\business\AndroidManifest.xml:106:13-43
116            android:screenOrientation="portrait" >
116-->ATKAndroid\business\AndroidManifest.xml:107:13-49
117        </activity>
118        <activity
118-->ATKAndroid\business\AndroidManifest.xml:109:9-113:20
119            android:name="cn.com.antika.business.CustomerInfoActivity"
119-->ATKAndroid\business\AndroidManifest.xml:110:13-71
120            android:launchMode="singleTop"
120-->ATKAndroid\business\AndroidManifest.xml:111:13-43
121            android:screenOrientation="portrait" >
121-->ATKAndroid\business\AndroidManifest.xml:112:13-49
122        </activity>
123        <activity
123-->ATKAndroid\business\AndroidManifest.xml:114:9-117:20
124            android:name="cn.com.antika.business.CustomerBasicInfoActivity"
124-->ATKAndroid\business\AndroidManifest.xml:115:13-76
125            android:launchMode="singleTop" >
125-->ATKAndroid\business\AndroidManifest.xml:116:13-43
126        </activity>
127        <activity
127-->ATKAndroid\business\AndroidManifest.xml:118:9-122:20
128            android:name="cn.com.antika.business.CustomerDetailActivity"
128-->ATKAndroid\business\AndroidManifest.xml:119:13-73
129            android:launchMode="singleTop"
129-->ATKAndroid\business\AndroidManifest.xml:120:13-43
130            android:screenOrientation="portrait" >
130-->ATKAndroid\business\AndroidManifest.xml:121:13-49
131        </activity>
132        <activity
132-->ATKAndroid\business\AndroidManifest.xml:123:9-127:20
133            android:name="cn.com.antika.business.CustomerRecordActivity"
133-->ATKAndroid\business\AndroidManifest.xml:124:13-73
134            android:launchMode="singleTop"
134-->ATKAndroid\business\AndroidManifest.xml:125:13-43
135            android:screenOrientation="portrait" >
135-->ATKAndroid\business\AndroidManifest.xml:126:13-49
136        </activity>
137        <activity
137-->ATKAndroid\business\AndroidManifest.xml:128:9-132:20
138            android:name="cn.com.antika.business.OrderListActivity"
138-->ATKAndroid\business\AndroidManifest.xml:129:13-68
139            android:launchMode="singleTop"
139-->ATKAndroid\business\AndroidManifest.xml:130:13-43
140            android:screenOrientation="portrait" >
140-->ATKAndroid\business\AndroidManifest.xml:131:13-49
141        </activity>
142        <activity
142-->ATKAndroid\business\AndroidManifest.xml:133:9-136:20
143            android:name="cn.com.antika.business.EditCustomerBasicActivity"
143-->ATKAndroid\business\AndroidManifest.xml:134:13-76
144            android:screenOrientation="portrait" >
144-->ATKAndroid\business\AndroidManifest.xml:135:13-49
145        </activity>
146        <activity
146-->ATKAndroid\business\AndroidManifest.xml:137:9-141:20
147            android:name="cn.com.antika.business.EditCustomerDetailActivity"
147-->ATKAndroid\business\AndroidManifest.xml:138:13-77
148            android:launchMode="singleTop"
148-->ATKAndroid\business\AndroidManifest.xml:139:13-43
149            android:screenOrientation="portrait" >
149-->ATKAndroid\business\AndroidManifest.xml:140:13-49
150        </activity>
151        <activity
151-->ATKAndroid\business\AndroidManifest.xml:142:9-146:20
152            android:name="cn.com.antika.business.AddCustomerRecordActivity"
152-->ATKAndroid\business\AndroidManifest.xml:143:13-76
153            android:launchMode="singleTop"
153-->ATKAndroid\business\AndroidManifest.xml:144:13-43
154            android:screenOrientation="portrait" >
154-->ATKAndroid\business\AndroidManifest.xml:145:13-49
155        </activity>
156        <activity
156-->ATKAndroid\business\AndroidManifest.xml:147:9-151:20
157            android:name="cn.com.antika.business.EditCustomerRecordActivity"
157-->ATKAndroid\business\AndroidManifest.xml:148:13-77
158            android:launchMode="singleTop"
158-->ATKAndroid\business\AndroidManifest.xml:149:13-43
159            android:screenOrientation="portrait" >
159-->ATKAndroid\business\AndroidManifest.xml:150:13-49
160        </activity>
161        <activity
161-->ATKAndroid\business\AndroidManifest.xml:152:9-157:20
162            android:name="cn.com.antika.business.AddNewCustomerVocationActivity"
162-->ATKAndroid\business\AndroidManifest.xml:153:13-81
163            android:launchMode="singleTop"
163-->ATKAndroid\business\AndroidManifest.xml:154:13-43
164            android:screenOrientation="portrait"
164-->ATKAndroid\business\AndroidManifest.xml:155:13-49
165            android:windowSoftInputMode="adjustPan" >
165-->ATKAndroid\business\AndroidManifest.xml:156:13-52
166        </activity>
167        <activity
167-->ATKAndroid\business\AndroidManifest.xml:158:9-163:20
168            android:name="cn.com.antika.business.EditCustomerVocationActivity"
168-->ATKAndroid\business\AndroidManifest.xml:159:13-79
169            android:launchMode="singleTop"
169-->ATKAndroid\business\AndroidManifest.xml:160:13-43
170            android:screenOrientation="portrait"
170-->ATKAndroid\business\AndroidManifest.xml:161:13-49
171            android:windowSoftInputMode="adjustPan" >
171-->ATKAndroid\business\AndroidManifest.xml:162:13-52
172        </activity>
173        <activity
173-->ATKAndroid\business\AndroidManifest.xml:164:9-168:20
174            android:name="cn.com.antika.business.ServiceActivity"
174-->ATKAndroid\business\AndroidManifest.xml:165:13-66
175            android:launchMode="singleTop"
175-->ATKAndroid\business\AndroidManifest.xml:166:13-43
176            android:screenOrientation="portrait" >
176-->ATKAndroid\business\AndroidManifest.xml:167:13-49
177        </activity>
178        <activity
178-->ATKAndroid\business\AndroidManifest.xml:169:9-173:20
179            android:name="cn.com.antika.business.CommodityCategoryActivity"
179-->ATKAndroid\business\AndroidManifest.xml:170:13-76
180            android:launchMode="singleTop"
180-->ATKAndroid\business\AndroidManifest.xml:171:13-43
181            android:screenOrientation="portrait" >
181-->ATKAndroid\business\AndroidManifest.xml:172:13-49
182        </activity>
183        <activity
183-->ATKAndroid\business\AndroidManifest.xml:174:9-178:20
184            android:name="cn.com.antika.business.OpportunityListActivity"
184-->ATKAndroid\business\AndroidManifest.xml:175:13-74
185            android:launchMode="singleTop"
185-->ATKAndroid\business\AndroidManifest.xml:176:13-43
186            android:screenOrientation="portrait" >
186-->ATKAndroid\business\AndroidManifest.xml:177:13-49
187        </activity>
188        <activity
188-->ATKAndroid\business\AndroidManifest.xml:179:9-184:20
189            android:name="cn.com.antika.business.CommodityListActivity"
189-->ATKAndroid\business\AndroidManifest.xml:180:13-72
190            android:launchMode="singleTop"
190-->ATKAndroid\business\AndroidManifest.xml:181:13-43
191            android:screenOrientation="portrait"
191-->ATKAndroid\business\AndroidManifest.xml:182:13-49
192            android:windowSoftInputMode="adjustPan" >
192-->ATKAndroid\business\AndroidManifest.xml:183:13-52
193        </activity>
194        <activity
194-->ATKAndroid\business\AndroidManifest.xml:185:9-189:20
195            android:name="cn.com.antika.business.CommodityDetailActivity"
195-->ATKAndroid\business\AndroidManifest.xml:186:13-74
196            android:launchMode="singleTop"
196-->ATKAndroid\business\AndroidManifest.xml:187:13-43
197            android:screenOrientation="portrait" >
197-->ATKAndroid\business\AndroidManifest.xml:188:13-49
198        </activity>
199        <activity
199-->ATKAndroid\business\AndroidManifest.xml:190:9-194:20
200            android:name="cn.com.antika.business.OpportunityDetailActivity"
200-->ATKAndroid\business\AndroidManifest.xml:191:13-76
201            android:launchMode="singleTop"
201-->ATKAndroid\business\AndroidManifest.xml:192:13-43
202            android:screenOrientation="portrait" >
202-->ATKAndroid\business\AndroidManifest.xml:193:13-49
203        </activity>
204        <activity
204-->ATKAndroid\business\AndroidManifest.xml:195:9-199:20
205            android:name="cn.com.antika.business.OpportunityDetailMainActivity"
205-->ATKAndroid\business\AndroidManifest.xml:196:13-80
206            android:launchMode="singleTop"
206-->ATKAndroid\business\AndroidManifest.xml:197:13-43
207            android:screenOrientation="portrait" >
207-->ATKAndroid\business\AndroidManifest.xml:198:13-49
208        </activity>
209        <activity
209-->ATKAndroid\business\AndroidManifest.xml:200:9-204:20
210            android:name="cn.com.antika.business.OpportunityHistoryActivity"
210-->ATKAndroid\business\AndroidManifest.xml:201:13-77
211            android:launchMode="singleTop"
211-->ATKAndroid\business\AndroidManifest.xml:202:13-43
212            android:screenOrientation="portrait" >
212-->ATKAndroid\business\AndroidManifest.xml:203:13-49
213        </activity>
214        <activity
214-->ATKAndroid\business\AndroidManifest.xml:205:9-209:20
215            android:name="cn.com.antika.business.EditOpportunityProgressActivity"
215-->ATKAndroid\business\AndroidManifest.xml:206:13-82
216            android:launchMode="singleTop"
216-->ATKAndroid\business\AndroidManifest.xml:207:13-43
217            android:screenOrientation="portrait" >
217-->ATKAndroid\business\AndroidManifest.xml:208:13-49
218        </activity>
219        <activity
219-->ATKAndroid\business\AndroidManifest.xml:210:9-214:20
220            android:name="cn.com.antika.business.EditProgressHistoryActivity"
220-->ATKAndroid\business\AndroidManifest.xml:211:13-78
221            android:launchMode="singleTop"
221-->ATKAndroid\business\AndroidManifest.xml:212:13-43
222            android:screenOrientation="portrait" >
222-->ATKAndroid\business\AndroidManifest.xml:213:13-49
223        </activity>
224        <activity
224-->ATKAndroid\business\AndroidManifest.xml:215:9-220:20
225            android:name="cn.com.antika.business.ChoosePersonActivity"
225-->ATKAndroid\business\AndroidManifest.xml:216:13-71
226            android:launchMode="singleTop"
226-->ATKAndroid\business\AndroidManifest.xml:217:13-43
227            android:screenOrientation="portrait"
227-->ATKAndroid\business\AndroidManifest.xml:218:13-49
228            android:windowSoftInputMode="adjustPan" >
228-->ATKAndroid\business\AndroidManifest.xml:219:13-52
229        </activity>
230        <activity
230-->ATKAndroid\business\AndroidManifest.xml:221:9-225:20
231            android:name="cn.com.antika.business.OrderDetailActivity"
231-->ATKAndroid\business\AndroidManifest.xml:222:13-70
232            android:launchMode="standard"
232-->ATKAndroid\business\AndroidManifest.xml:223:13-42
233            android:screenOrientation="portrait" >
233-->ATKAndroid\business\AndroidManifest.xml:224:13-49
234        </activity>
235        <activity
235-->ATKAndroid\business\AndroidManifest.xml:226:9-230:20
236            android:name="cn.com.antika.business.TreatmentDetailActivity"
236-->ATKAndroid\business\AndroidManifest.xml:227:13-74
237            android:launchMode="singleTop"
237-->ATKAndroid\business\AndroidManifest.xml:228:13-43
238            android:screenOrientation="portrait" >
238-->ATKAndroid\business\AndroidManifest.xml:229:13-49
239        </activity>
240        <activity
240-->ATKAndroid\business\AndroidManifest.xml:231:9-235:20
241            android:name="cn.com.antika.business.TreatmentServiceDetailActivity"
241-->ATKAndroid\business\AndroidManifest.xml:232:13-81
242            android:launchMode="singleTop"
242-->ATKAndroid\business\AndroidManifest.xml:233:13-43
243            android:screenOrientation="portrait" >
243-->ATKAndroid\business\AndroidManifest.xml:234:13-49
244        </activity>
245        <activity
245-->ATKAndroid\business\AndroidManifest.xml:236:9-240:20
246            android:name="cn.com.antika.business.TreatmentGroupDetailActivity"
246-->ATKAndroid\business\AndroidManifest.xml:237:13-79
247            android:launchMode="singleTop"
247-->ATKAndroid\business\AndroidManifest.xml:238:13-43
248            android:screenOrientation="portrait" >
248-->ATKAndroid\business\AndroidManifest.xml:239:13-49
249        </activity>
250        <activity
250-->ATKAndroid\business\AndroidManifest.xml:241:9-245:20
251            android:name="cn.com.antika.business.TreatmentTreatmentDetailActivity"
251-->ATKAndroid\business\AndroidManifest.xml:242:13-83
252            android:launchMode="singleTop"
252-->ATKAndroid\business\AndroidManifest.xml:243:13-43
253            android:screenOrientation="portrait" >
253-->ATKAndroid\business\AndroidManifest.xml:244:13-49
254        </activity>
255        <activity
255-->ATKAndroid\business\AndroidManifest.xml:246:9-250:20
256            android:name="cn.com.antika.business.ServiceOrderContactDetailActivity"
256-->ATKAndroid\business\AndroidManifest.xml:247:13-84
257            android:launchMode="singleTop"
257-->ATKAndroid\business\AndroidManifest.xml:248:13-43
258            android:screenOrientation="portrait" >
258-->ATKAndroid\business\AndroidManifest.xml:249:13-49
259        </activity>
260        <activity
260-->ATKAndroid\business\AndroidManifest.xml:251:9-255:20
261            android:name="cn.com.antika.business.EditServiceOrderContactDetailMainActivity"
261-->ATKAndroid\business\AndroidManifest.xml:252:13-92
262            android:launchMode="singleTop"
262-->ATKAndroid\business\AndroidManifest.xml:253:13-43
263            android:screenOrientation="portrait" >
263-->ATKAndroid\business\AndroidManifest.xml:254:13-49
264        </activity>
265        <activity
265-->ATKAndroid\business\AndroidManifest.xml:256:9-260:20
266            android:name="cn.com.antika.business.EditTreatmentTreatmentDetailActivity"
266-->ATKAndroid\business\AndroidManifest.xml:257:13-87
267            android:launchMode="singleTop"
267-->ATKAndroid\business\AndroidManifest.xml:258:13-43
268            android:screenOrientation="portrait" >
268-->ATKAndroid\business\AndroidManifest.xml:259:13-49
269        </activity>
270        <activity
270-->ATKAndroid\business\AndroidManifest.xml:261:9-265:20
271            android:name="cn.com.antika.business.EMarketingActivity"
271-->ATKAndroid\business\AndroidManifest.xml:262:13-69
272            android:launchMode="singleTop"
272-->ATKAndroid\business\AndroidManifest.xml:263:13-43
273            android:screenOrientation="portrait" >
273-->ATKAndroid\business\AndroidManifest.xml:264:13-49
274        </activity>
275        <activity
275-->ATKAndroid\business\AndroidManifest.xml:266:9-270:20
276            android:name="cn.com.antika.business.SendNewEmarketingMessageActivity"
276-->ATKAndroid\business\AndroidManifest.xml:267:13-83
277            android:launchMode="singleTop"
277-->ATKAndroid\business\AndroidManifest.xml:268:13-43
278            android:screenOrientation="portrait" >
278-->ATKAndroid\business\AndroidManifest.xml:269:13-49
279        </activity>
280        <activity
280-->ATKAndroid\business\AndroidManifest.xml:271:9-275:20
281            android:name="cn.com.antika.business.SendMarketingTemplateActivity"
281-->ATKAndroid\business\AndroidManifest.xml:272:13-80
282            android:launchMode="singleTop"
282-->ATKAndroid\business\AndroidManifest.xml:273:13-43
283            android:screenOrientation="portrait" >
283-->ATKAndroid\business\AndroidManifest.xml:274:13-49
284        </activity>
285        <activity
285-->ATKAndroid\business\AndroidManifest.xml:276:9-280:20
286            android:name="cn.com.antika.business.AddMessageTemplateActivity"
286-->ATKAndroid\business\AndroidManifest.xml:277:13-77
287            android:launchMode="singleTop"
287-->ATKAndroid\business\AndroidManifest.xml:278:13-43
288            android:screenOrientation="portrait" >
288-->ATKAndroid\business\AndroidManifest.xml:279:13-49
289        </activity>
290        <activity
290-->ATKAndroid\business\AndroidManifest.xml:281:9-285:20
291            android:name="cn.com.antika.business.EditMessageTemplateActivity"
291-->ATKAndroid\business\AndroidManifest.xml:282:13-78
292            android:launchMode="singleTop"
292-->ATKAndroid\business\AndroidManifest.xml:283:13-43
293            android:screenOrientation="portrait" >
293-->ATKAndroid\business\AndroidManifest.xml:284:13-49
294        </activity>
295        <activity
295-->ATKAndroid\business\AndroidManifest.xml:286:9-290:20
296            android:name="cn.com.antika.business.FlyMessageListActivity"
296-->ATKAndroid\business\AndroidManifest.xml:287:13-73
297            android:launchMode="singleTop"
297-->ATKAndroid\business\AndroidManifest.xml:288:13-43
298            android:screenOrientation="portrait" >
298-->ATKAndroid\business\AndroidManifest.xml:289:13-49
299        </activity>
300        <activity
300-->ATKAndroid\business\AndroidManifest.xml:291:9-296:20
301            android:name="cn.com.antika.business.FlyMessageDetailActivity"
301-->ATKAndroid\business\AndroidManifest.xml:292:13-75
302            android:launchMode="singleTop"
302-->ATKAndroid\business\AndroidManifest.xml:293:13-43
303            android:screenOrientation="portrait"
303-->ATKAndroid\business\AndroidManifest.xml:294:13-49
304            android:windowSoftInputMode="stateHidden|adjustResize" >
304-->ATKAndroid\business\AndroidManifest.xml:295:13-67
305        </activity>
306        <activity
306-->ATKAndroid\business\AndroidManifest.xml:297:9-301:20
307            android:name="cn.com.antika.business.SettingActivity"
307-->ATKAndroid\business\AndroidManifest.xml:298:13-66
308            android:launchMode="singleTop"
308-->ATKAndroid\business\AndroidManifest.xml:299:13-43
309            android:screenOrientation="portrait" >
309-->ATKAndroid\business\AndroidManifest.xml:300:13-49
310        </activity>
311        <activity
311-->ATKAndroid\business\AndroidManifest.xml:302:9-306:20
312            android:name="cn.com.antika.business.SettingPersonalMessageActivity"
312-->ATKAndroid\business\AndroidManifest.xml:303:13-81
313            android:launchMode="singleTop"
313-->ATKAndroid\business\AndroidManifest.xml:304:13-43
314            android:screenOrientation="portrait" >